<?xml version="1.0" encoding="UTF-8"?>
<!-- Generated by org.testng.reporters.JUnitReportReporter -->
<testsuite skipped="0" hostname="DESKTOP-3QL9K4N" name="impdataprovider.provider1" tests="3" failures="0" timestamp="2023-01-19T18:13:01 IST" time="28.296" errors="0">
  <testcase name="test" time="7.368" classname="impdataprovider.provider1"/>
  <system-out/>
  <testcase name="test" time="10.738" classname="impdataprovider.provider1"/>
  <system-out/>
  <testcase name="test" time="10.190" classname="impdataprovider.provider1"/>
  <system-out/>
</testsuite> <!-- impdataprovider.provider1 -->
