<?xml version="1.0" encoding="UTF-8"?>
<!-- Generated by org.testng.reporters.JUnitReportReporter -->
<testsuite skipped="0" hostname="DESKTOP-3QL9K4N" name="imports.scrrenshots" tests="1" failures="0" timestamp="2023-01-08T16:01:15 IST" time="7.300" errors="0">
  <testcase name="setup" time="7.300" classname="imports.scrrenshots"/>
  <system-out/>
</testsuite> <!-- imports.scrrenshots -->
