<?xml version="1.0" encoding="UTF-8"?>
<!-- Generated by org.testng.reporters.JUnitReportReporter -->
<testsuite skipped="0" hostname="DESKTOP-3QL9K4N" name="normal.teeest" tests="1" failures="0" timestamp="2022-12-30T20:36:46 IST" time="19.146" errors="0">
  <testcase name="test" time="19.146" classname="normal.teeest"/>
  <system-out/>
</testsuite> <!-- normal.teeest -->
