<?xml version="1.0" encoding="UTF-8"?>
<!-- Generated by org.testng.reporters.JUnitReportReporter -->
<testsuite skipped="0" hostname="DESKTOP-3QL9K4N" name="fretch_prog_for_pom.mains" tests="1" failures="0" timestamp="2022-12-29T09:51:43 IST" time="15.478" errors="0">
  <testcase name="test" time="15.478" classname="fretch_prog_for_pom.mains"/>
  <system-out/>
</testsuite> <!-- fretch_prog_for_pom.mains -->
