<?xml version="1.0" encoding="UTF-8"?>
<!-- Generated by org.testng.reporters.JUnitReportReporter -->
<testsuite skipped="0" hostname="DESKTOP-3QL9K4N" name="imports.generic_Radio" tests="1" failures="0" timestamp="2023-01-08T16:39:18 IST" time="23.809" errors="0">
  <testcase name="test" time="23.809" classname="imports.generic_Radio"/>
  <system-out/>
</testsuite> <!-- imports.generic_Radio -->
