<?xml version="1.0" encoding="UTF-8"?>
<!-- Generated by org.testng.reporters.JUnitReportReporter -->
<testsuite skipped="0" hostname="DESKTOP-3QL9K4N" name="imports.jdbcsfretchdata" tests="1" failures="0" timestamp="2023-02-02T11:32:18 IST" time="0.684" errors="0">
  <testcase name="test" time="0.684" classname="imports.jdbcsfretchdata"/>
  <system-out/>
</testsuite> <!-- imports.jdbcsfretchdata -->
