<?xml version="1.0" encoding="UTF-8"?>
<!-- Generated by org.testng.reporters.JUnitReportReporter -->
<testsuite skipped="0" hostname="DESKTOP-3QL9K4N" name="imports.jdbc_innsert_data" tests="1" failures="0" timestamp="2023-01-20T14:06:51 IST" time="0.665" errors="0">
  <testcase name="insert" time="0.665" classname="imports.jdbc_innsert_data"/>
  <system-out/>
</testsuite> <!-- imports.jdbc_innsert_data -->
