<?xml version="1.0" encoding="UTF-8"?>
<!-- Generated by org.testng.reporters.JUnitReportReporter -->
<testsuite skipped="0" hostname="DESKTOP-3QL9K4N" name="testscript.sagarExrtents" tests="1" failures="0" timestamp="2023-01-11T15:43:58 IST" time="7.034" errors="0">
  <testcase name="tese" time="7.034" classname="testscript.sagarExrtents"/>
  <system-out/>
</testsuite> <!-- testscript.sagarExrtents -->
