<?xml version="1.0" encoding="UTF-8"?>
<!-- Generated by org.testng.reporters.JUnitReportReporter -->
<testsuite skipped="0" hostname="DESKTOP-3QL9K4N" name="eg" tests="1" failures="0" timestamp="2023-01-30T18:50:52 IST" time="0.009" errors="0">
  <testcase name="test" time="0.009" classname="eg"/>
  <system-out/>
</testsuite> <!-- eg -->
