<?xml version="1.0" encoding="UTF-8"?>
<!-- Generated by org.testng.reporters.JUnitReportReporter -->
<testsuite skipped="0" hostname="DESKTOP-3QL9K4N" name="imports.practice" tests="1" failures="0" timestamp="2023-01-08T22:29:46 IST" time="0.008" errors="0">
  <testcase name="test" time="0.008" classname="imports.practice"/>
  <system-out/>
</testsuite> <!-- imports.practice -->
