<?xml version="1.0" encoding="UTF-8"?>
<!-- Generated by org.testng.reporters.JUnitReportReporter -->
<testsuite skipped="0" hostname="DESKTOP-3QL9K4N" name="imports.jdbcsc" tests="1" failures="0" timestamp="2023-02-02T11:39:11 IST" time="0.681" errors="0">
  <testcase name="script" time="0.681" classname="imports.jdbcsc"/>
  <system-out/>
</testsuite> <!-- imports.jdbcsc -->
