<?xml version="1.0" encoding="UTF-8"?>
<!-- Generated by org.testng.reporters.JUnitReportReporter -->
<testsuite skipped="0" hostname="DESKTOP-3QL9K4N" name="imports.fretch_date" tests="1" failures="0" timestamp="2023-01-12T12:35:03 IST" time="12.459" errors="0">
  <testcase name="test" time="12.459" classname="imports.fretch_date"/>
  <system-out/>
</testsuite> <!-- imports.fretch_date -->
