<?xml version="1.0" encoding="UTF-8"?>
<!-- Generated by org.testng.reporters.JUnitReportReporter -->
<testsuite skipped="0" hostname="DESKTOP-3QL9K4N" name="sanddldldl" tests="1" failures="0" timestamp="2023-01-12T13:02:53 IST" time="16.338" errors="0">
  <testcase name="test" time="16.338" classname="sanddldldl"/>
  <system-out/>
</testsuite> <!-- sanddldldl -->
