<?xml version="1.0" encoding="UTF-8"?>
<!-- Generated by org.testng.reporters.JUnitReportReporter -->
<testsuite skipped="0" hostname="DESKTOP-3QL9K4N" name="jdbcs" tests="1" failures="0" timestamp="2023-01-20T13:55:36 IST" time="0.730" errors="0">
  <testcase name="test" time="0.730" classname="jdbcs"/>
  <system-out/>
</testsuite> <!-- jdbcs -->
